<?xml version="1.0" encoding="UTF-8"?>
<!-- Generated by org.testng.reporters.JUnitXMLReporter -->
<testsuite ignored="0" hostname="harshit" failures="0" tests="5" name="Default test" time="52.091" errors="0" timestamp="2025-06-04T02:09:36 IST">
  <testcase classname="login.positiveLoginFlow" name="login" time="3.473"/>
  <testcase classname="login.positiveLoginFlow" name="testIncorrectUsername" time="3.341"/>
  <testcase classname="login.positiveLoginFlow" name="testIncorrectPassword" time="3.831"/>
  <testcase classname="login.positiveLoginFlow" name="testBothIncorrect" time="3.883"/>
  <testcase classname="login.positiveLoginFlow" name="accessControlTest" time="2.968"/>
</testsuite> <!-- Default test -->
